Using pre-set license
Built from '2020.3/staging' branch; Version is '2020.3.21f1 (a38c86f6690f) revision 10718342'; Using compiler version '192528614'; Build Type 'Release'
OS: 'Windows 10 Pro; OS build 17763.1577; Version 1809; 64bit' Language: 'en' Physical Memory: 8104 MB
BatchMode: 1, IsHumanControllingUs: 0, StartBugReporterOnCrash: 0, Is64bit: 1, IsPro: 0

COMMAND LINE ARGUMENTS:
C:\Program Files\2020.3.21f1\Editor\Unity.exe
-adb2
-batchMode
-noUpm
-name
AssetImportWorker0
-projectPath
C:/Users/Radiance/Unity Projects/Awesome Ninja
-logFile
Logs/AssetImportWorker0.log
-srvPort
56687
Successfully changed project path to: C:/Users/Radiance/Unity Projects/Awesome Ninja
C:/Users/Radiance/Unity Projects/Awesome Ninja
Using Asset Import Pipeline V2.
Refreshing native plugins compatible for Editor in 104.25 ms, found 2 plugins.
Preloading 0 native plugins for Editor in 0.00 ms.
Initialize engine version: 2020.3.21f1 (a38c86f6690f)
[Subsystems] Discovering subsystems at path C:/Program Files/2020.3.21f1/Editor/Data/Resources/UnitySubsystems
[Subsystems] Discovering subsystems at path C:/Users/Radiance/Unity Projects/Awesome Ninja/Assets
GfxDevice: creating device client; threaded=0
Direct3D:
    Version:  Direct3D 11.0 [level 11.1]
    Renderer: Intel(R) HD Graphics 5500 (ID=0x1616)
    Vendor:   
    VRAM:     4052 MB
    Driver:   20.19.15.5063
Initialize mono
Mono path[0] = 'C:/Program Files/2020.3.21f1/Editor/Data/Managed'
Mono path[1] = 'C:/Program Files/2020.3.21f1/Editor/Data/MonoBleedingEdge/lib/mono/unityjit'
Mono config path = 'C:/Program Files/2020.3.21f1/Editor/Data/MonoBleedingEdge/etc'
Using monoOptions --debugger-agent=transport=dt_socket,embedding=1,server=y,suspend=n,address=127.0.0.1:56472
Begin MonoManager ReloadAssembly
Registering precompiled unity dll's ...
Register platform support module: C:/Program Files/2020.3.21f1/Editor/Data/PlaybackEngines/WindowsStandaloneSupport/UnityEditor.WindowsStandalone.Extensions.dll
Registered in 0.002336 seconds.
Native extension for WindowsStandalone target not found
Refreshing native plugins compatible for Editor in 87.57 ms, found 2 plugins.
Preloading 0 native plugins for Editor in 0.00 ms.
Mono: successfully reloaded assembly
- Completed reload, in 11.921 seconds
Domain Reload Profiling:
	ReloadAssembly (11922ms)
		BeginReloadAssembly (99ms)
			ExecutionOrderSort (0ms)
			DisableScriptedObjects (0ms)
			BackupInstance (0ms)
			ReleaseScriptingObjects (0ms)
			CreateAndSetChildDomain (2ms)
		EndReloadAssembly (1042ms)
			LoadAssemblies (95ms)
			RebuildTransferFunctionScriptingTraits (0ms)
			SetupTypeCache (438ms)
			ReleaseScriptCaches (0ms)
			RebuildScriptCaches (68ms)
			SetupLoadedEditorAssemblies (343ms)
				LogAssemblyErrors (0ms)
				InitializePlatformSupportModulesInManaged (8ms)
				SetLoadedEditorAssemblies (0ms)
				RefreshPlugins (88ms)
				BeforeProcessingInitializeOnLoad (30ms)
				ProcessInitializeOnLoadAttributes (157ms)
				ProcessInitializeOnLoadMethodAttributes (60ms)
				AfterProcessingInitializeOnLoad (0ms)
				EditorAssembliesLoaded (0ms)
			ExecutionOrderSort2 (0ms)
			AwakeInstancesAfterBackupRestoration (0ms)
Platform modules already initialized, skipping
Registering precompiled user dll's ...
Registered in 0.011879 seconds.
Begin MonoManager ReloadAssembly
Native extension for WindowsStandalone target not found
Refreshing native plugins compatible for Editor in 0.91 ms, found 2 plugins.
Preloading 0 native plugins for Editor in 0.00 ms.
Mono: successfully reloaded assembly
- Completed reload, in  3.269 seconds
Domain Reload Profiling:
	ReloadAssembly (3271ms)
		BeginReloadAssembly (379ms)
			ExecutionOrderSort (0ms)
			DisableScriptedObjects (8ms)
			BackupInstance (0ms)
			ReleaseScriptingObjects (0ms)
			CreateAndSetChildDomain (38ms)
		EndReloadAssembly (2695ms)
			LoadAssemblies (248ms)
			RebuildTransferFunctionScriptingTraits (0ms)
			SetupTypeCache (687ms)
			ReleaseScriptCaches (1ms)
			RebuildScriptCaches (125ms)
			SetupLoadedEditorAssemblies (1457ms)
				LogAssemblyErrors (0ms)
				InitializePlatformSupportModulesInManaged (10ms)
				SetLoadedEditorAssemblies (1ms)
				RefreshPlugins (1ms)
				BeforeProcessingInitializeOnLoad (231ms)
				ProcessInitializeOnLoadAttributes (1170ms)
				ProcessInitializeOnLoadMethodAttributes (32ms)
				AfterProcessingInitializeOnLoad (11ms)
				EditorAssembliesLoaded (0ms)
			ExecutionOrderSort2 (0ms)
			AwakeInstancesAfterBackupRestoration (38ms)
Platform modules already initialized, skipping
========================================================================
Worker process is ready to serve import requests
Launched and connected shader compiler UnityShaderCompiler.exe after 0.37 seconds
Refreshing native plugins compatible for Editor in 1.19 ms, found 2 plugins.
Preloading 0 native plugins for Editor in 0.00 ms.
Unloading 1839 Unused Serialized files (Serialized files now loaded: 0)
System memory in use before: 97.4 MB.
System memory in use after: 97.5 MB.

Unloading 20 unused Assets to reduce memory usage. Loaded Objects now: 2296.
Total: 8.270600 ms (FindLiveObjects: 0.360500 ms CreateObjectMapping: 0.135500 ms MarkObjects: 7.600300 ms  DeleteObjects: 0.171300 ms)

AssetImportParameters requested are different than current active one (requested -> active):
  custom:framework-win-MediaFoundation: 216162199b28c13a410421893ffa2e32 -> 
  custom:video-decoder-ogg-theora: a1e56fd34408186e4bbccfd4996cb3dc -> 
  custom:container-muxer-webm: aa71ff27fc2769a1b78a27578f13a17b -> 
  custom:container-demuxer-webm: 4f35f7cbe854078d1ac9338744f61a02 -> 
  custom:container-demuxer-ogg: 62fdf1f143b41e24485cea50d1cbac27 -> 
  custom:video-encoder-webm-vp8: eb34c28f22e8b96e1ab97ce403110664 -> 
  custom:video-decoder-webm-vp8: 9c59270c3fd7afecdb556c50c9e8de78 -> 
  custom:audio-decoder-ogg-vorbis: bf7c407c2cedff20999df2af8eb42d56 -> 
  custom:audio-encoder-webm-vorbis: bf7c407c2cedff20999df2af8eb42d56 -> 
========================================================================
Received Import Request.
  path: Assets/Joystick Pack/Examples/Player.mat
  artifactKey: Guid(59e4faf24927edf4a82f463ad16f1c37) Importer(815301076,1909f56bfc062723c751e8b465ee728b)
Start importing Assets/Joystick Pack/Examples/Player.mat using Guid(59e4faf24927edf4a82f463ad16f1c37) Importer(815301076,1909f56bfc062723c751e8b465ee728b)  -> (artifact id: '99486deed5d786b1ab9c132d4469fda8') in 0.669331 seconds 
  Import took 0.697151 seconds .

========================================================================
Received Import Request.
  Time since last request: 18.507569 seconds.
  path: Assets/Joystick Pack/Examples/Ground.mat
  artifactKey: Guid(c569c280f0eb52a49a7b2a6b8b0cbcf8) Importer(815301076,1909f56bfc062723c751e8b465ee728b)
Start importing Assets/Joystick Pack/Examples/Ground.mat using Guid(c569c280f0eb52a49a7b2a6b8b0cbcf8) Importer(815301076,1909f56bfc062723c751e8b465ee728b)  -> (artifact id: '5fb0a40c424b7257f928bf284061c557') in 0.098413 seconds 
  Import took 0.119016 seconds .

========================================================================
Received Import Request.
  Time since last request: 0.208833 seconds.
  path: Assets/Models/femaleWarrior/Font/Font.TTF
  artifactKey: Guid(db9b3992c4923ad43869df72aad60bb5) Importer(815301076,1909f56bfc062723c751e8b465ee728b)
Start importing Assets/Models/femaleWarrior/Font/Font.TTF using Guid(db9b3992c4923ad43869df72aad60bb5) Importer(815301076,1909f56bfc062723c751e8b465ee728b)  -> (artifact id: '60e5700d4be7c5e1513ff9cc02df126c') in 0.288873 seconds 
  Import took 0.295460 seconds .

========================================================================
Received Import Request.
  Time since last request: 1.995763 seconds.
  path: Assets/Fonts/SIMKAI.TTF
  artifactKey: Guid(730a2b7bc8e454dbbb4334c7ff022933) Importer(815301076,1909f56bfc062723c751e8b465ee728b)
Start importing Assets/Fonts/SIMKAI.TTF using Guid(730a2b7bc8e454dbbb4334c7ff022933) Importer(815301076,1909f56bfc062723c751e8b465ee728b)  -> (artifact id: 'cb0eef7817f10c68f7387869edeb72a3') in 0.071547 seconds 
  Import took 0.091272 seconds .

========================================================================
Received Import Request.
  Time since last request: 0.000648 seconds.
  path: Assets/Plugins/EasyTouch/Example/C# Example/Examples for EasyJoystick/_Model/Landscape/Materials/Floor.mat
  artifactKey: Guid(acb76867ed9d90d4ead71a67e70b36f9) Importer(815301076,1909f56bfc062723c751e8b465ee728b)
Start importing Assets/Plugins/EasyTouch/Example/C# Example/Examples for EasyJoystick/_Model/Landscape/Materials/Floor.mat using Guid(acb76867ed9d90d4ead71a67e70b36f9) Importer(815301076,1909f56bfc062723c751e8b465ee728b)  -> (artifact id: 'c42ce186bc2cdd03a6dec57f0a87dd6e') in 0.161564 seconds 
  Import took 0.193314 seconds .

========================================================================
Received Import Request.
  Time since last request: 0.000283 seconds.
  path: Assets/Plugins/EasyTouch/Example/C# Example/Examples for EasyTouch/Example-FreeCam/_Materials/floor.mat
  artifactKey: Guid(296243342e6974941af45af25e86e4a9) Importer(815301076,1909f56bfc062723c751e8b465ee728b)
Start importing Assets/Plugins/EasyTouch/Example/C# Example/Examples for EasyTouch/Example-FreeCam/_Materials/floor.mat using Guid(296243342e6974941af45af25e86e4a9) Importer(815301076,1909f56bfc062723c751e8b465ee728b)  -> (artifact id: 'a3e16f957b899f7787082e1acec83d4e') in 0.164989 seconds 
  Import took 0.188065 seconds .

========================================================================
Received Import Request.
  Time since last request: 0.000346 seconds.
  path: Assets/Models/femaleWarrior/Materials/femaleWarriorPants.mat
  artifactKey: Guid(7a9ee9ba893cb5846a90eaf7bf9657f3) Importer(815301076,1909f56bfc062723c751e8b465ee728b)
Start importing Assets/Models/femaleWarrior/Materials/femaleWarriorPants.mat using Guid(7a9ee9ba893cb5846a90eaf7bf9657f3) Importer(815301076,1909f56bfc062723c751e8b465ee728b)  -> (artifact id: '80a07333b1121505caf78489e870ee8a') in 0.335843 seconds 
  Import took 0.353213 seconds .

========================================================================
Received Import Request.
  Time since last request: 0.000364 seconds.
  path: Assets/Models/ShurikenMagic/ParticleMaterials/Lights/falloffLightbeamAdd.mat
  artifactKey: Guid(288b43683b005ce46a72863e7b798297) Importer(815301076,1909f56bfc062723c751e8b465ee728b)
Start importing Assets/Models/ShurikenMagic/ParticleMaterials/Lights/falloffLightbeamAdd.mat using Guid(288b43683b005ce46a72863e7b798297) Importer(815301076,1909f56bfc062723c751e8b465ee728b)  -> (artifact id: 'ff6d39a2316ca1011a05cb83c44e4e74') in 0.040527 seconds 
  Import took 0.068104 seconds .

========================================================================
Received Import Request.
  Time since last request: 0.000438 seconds.
  path: Assets/Models/ShurikenMagic/ParticleMaterials/Lights/falloffLightbeam.mat
  artifactKey: Guid(78004bddb092540449d4ddfc511e8e8f) Importer(815301076,1909f56bfc062723c751e8b465ee728b)
Start importing Assets/Models/ShurikenMagic/ParticleMaterials/Lights/falloffLightbeam.mat using Guid(78004bddb092540449d4ddfc511e8e8f) Importer(815301076,1909f56bfc062723c751e8b465ee728b)  -> (artifact id: '15e06fbb8ee49afb36f0adfb5e318fd5') in 0.125753 seconds 
  Import took 0.155245 seconds .

========================================================================
Received Import Request.
  Time since last request: 0.000689 seconds.
  path: Assets/Models/femaleWarrior/Materials/femaleWarriorPantsColor.mat
  artifactKey: Guid(83f20daa6fe1fca458cd4e4fb2eaada2) Importer(815301076,1909f56bfc062723c751e8b465ee728b)
Start importing Assets/Models/femaleWarrior/Materials/femaleWarriorPantsColor.mat using Guid(83f20daa6fe1fca458cd4e4fb2eaada2) Importer(815301076,1909f56bfc062723c751e8b465ee728b)  -> (artifact id: 'de02d6a626622edce9c5f50f978e71b8') in 0.149700 seconds 
  Import took 0.185622 seconds .

========================================================================
Received Import Request.
  Time since last request: 0.000400 seconds.
  path: Assets/Models/femaleWarrior/Materials/femaleWarrior.mat
  artifactKey: Guid(213b3b04c331e7c4f887d89d7a53f720) Importer(815301076,1909f56bfc062723c751e8b465ee728b)
Start importing Assets/Models/femaleWarrior/Materials/femaleWarrior.mat using Guid(213b3b04c331e7c4f887d89d7a53f720) Importer(815301076,1909f56bfc062723c751e8b465ee728b)  -> (artifact id: '9b0b3e8390e9295cef5d77bfc3e4502f') in 0.355760 seconds 
  Import took 0.372192 seconds .

========================================================================
Received Import Request.
  Time since last request: 0.000344 seconds.
  path: Assets/Plugins/Output/Example/Animations/Materials/face_color_map.mat
  artifactKey: Guid(cb2ae56c03818634fb5fa0c3f4b4a959) Importer(815301076,1909f56bfc062723c751e8b465ee728b)
Start importing Assets/Plugins/Output/Example/Animations/Materials/face_color_map.mat using Guid(cb2ae56c03818634fb5fa0c3f4b4a959) Importer(815301076,1909f56bfc062723c751e8b465ee728b)  -> (artifact id: '5d5228ef0721f14ffb2b2c1fca08305a') in 0.362033 seconds 
  Import took 0.368165 seconds .

========================================================================
Received Import Request.
  Time since last request: 0.000331 seconds.
  path: Assets/Models/ShurikenMagic/ParticleMaterials/Rituals/eye.mat
  artifactKey: Guid(e6b770cf9cefb3e4f9061fc0232ca345) Importer(815301076,1909f56bfc062723c751e8b465ee728b)
Start importing Assets/Models/ShurikenMagic/ParticleMaterials/Rituals/eye.mat using Guid(e6b770cf9cefb3e4f9061fc0232ca345) Importer(815301076,1909f56bfc062723c751e8b465ee728b)  -> (artifact id: '5d8ec0504356d410497cc388c1eb2aaf') in 0.135484 seconds 
  Import took 0.142667 seconds .

========================================================================
Received Import Request.
  Time since last request: 0.000405 seconds.
  path: Assets/Plugins/Output/Example/Animations/Materials/EyesMaterial.mat
  artifactKey: Guid(61d85804681a74bfbb3d5bd34f9d520e) Importer(815301076,1909f56bfc062723c751e8b465ee728b)
Start importing Assets/Plugins/Output/Example/Animations/Materials/EyesMaterial.mat using Guid(61d85804681a74bfbb3d5bd34f9d520e) Importer(815301076,1909f56bfc062723c751e8b465ee728b)  -> (artifact id: 'ec9379b4caaed03f818020278033a6c4') in 0.074733 seconds 
  Import took 0.104216 seconds .

========================================================================
Received Import Request.
  Time since last request: 0.000394 seconds.
  path: Assets/Models/ShurikenMagic/ParticleMaterials/Lights/dirtyFlashMul.mat
  artifactKey: Guid(a55f35979f9ed5343b41fb64316c6477) Importer(815301076,1909f56bfc062723c751e8b465ee728b)
Start importing Assets/Models/ShurikenMagic/ParticleMaterials/Lights/dirtyFlashMul.mat using Guid(a55f35979f9ed5343b41fb64316c6477) Importer(815301076,1909f56bfc062723c751e8b465ee728b)  -> (artifact id: 'ea168a28a1d8dddeb34dd7464974f640') in 0.270806 seconds 
  Import took 0.295050 seconds .

========================================================================
Received Import Request.
  Time since last request: 0.000439 seconds.
  path: Assets/Models/ShurikenMagic/ParticleMaterials/Lights/dirtyFlashAdd.mat
  artifactKey: Guid(501f97fef7c57c14e81da0d92a058a21) Importer(815301076,1909f56bfc062723c751e8b465ee728b)
Start importing Assets/Models/ShurikenMagic/ParticleMaterials/Lights/dirtyFlashAdd.mat using Guid(501f97fef7c57c14e81da0d92a058a21) Importer(815301076,1909f56bfc062723c751e8b465ee728b)  -> (artifact id: '4e380365408ca70b8ab3ba1367e671fe') in 0.107925 seconds 
  Import took 0.120994 seconds .

========================================================================
Received Import Request.
  Time since last request: 0.000506 seconds.
  path: Assets/Textures/Skill Effects/Flash/DirtyFlashMul.mat
  artifactKey: Guid(e8ec0566df609499085503981b550e60) Importer(815301076,1909f56bfc062723c751e8b465ee728b)
Start importing Assets/Textures/Skill Effects/Flash/DirtyFlashMul.mat using Guid(e8ec0566df609499085503981b550e60) Importer(815301076,1909f56bfc062723c751e8b465ee728b)  -> (artifact id: '5a518238eda9ee286c4a727fccfd0d76') in 0.060288 seconds 
  Import took 0.075227 seconds .

========================================================================
Received Import Request.
  Time since last request: 0.000389 seconds.
  path: Assets/Models/ShurikenMagic/ParticleMaterials/Splats/drop.mat
  artifactKey: Guid(707e87b70ea28d64493f187bf2a27a91) Importer(815301076,1909f56bfc062723c751e8b465ee728b)
Start importing Assets/Models/ShurikenMagic/ParticleMaterials/Splats/drop.mat using Guid(707e87b70ea28d64493f187bf2a27a91) Importer(815301076,1909f56bfc062723c751e8b465ee728b)  -> (artifact id: '9fc65405db0bb9dac6ec6c72ca0b1641') in 0.171474 seconds 
  Import took 0.194519 seconds .

========================================================================
Received Import Request.
  Time since last request: 0.000314 seconds.
  path: Assets/Models/ShurikenMagic/ParticleMaterials/Rituals/eyeAdd.mat
  artifactKey: Guid(ab1e06eb75a679744958d39d9d4b40b3) Importer(815301076,1909f56bfc062723c751e8b465ee728b)
Start importing Assets/Models/ShurikenMagic/ParticleMaterials/Rituals/eyeAdd.mat using Guid(ab1e06eb75a679744958d39d9d4b40b3) Importer(815301076,1909f56bfc062723c751e8b465ee728b)  -> (artifact id: 'c60ea7763fe2db06abf60960ccb1937a') in 0.102055 seconds 
  Import took 0.109500 seconds .

========================================================================
Received Import Request.
  Time since last request: 0.000340 seconds.
  path: Assets/Models/CartoonZombies/effect/CZ_point.mat
  artifactKey: Guid(4298df7e2b7475b43b60f0dcf668285f) Importer(815301076,1909f56bfc062723c751e8b465ee728b)
Start importing Assets/Models/CartoonZombies/effect/CZ_point.mat using Guid(4298df7e2b7475b43b60f0dcf668285f) Importer(815301076,1909f56bfc062723c751e8b465ee728b)  -> (artifact id: '2b977ae0470f54754d1980e3f76091e1') in 0.128153 seconds 
  Import took 0.152066 seconds .

========================================================================
Received Import Request.
  Time since last request: 0.000446 seconds.
  path: Assets/Models/CartoonZombies/effect/CZ_Splat.mat
  artifactKey: Guid(9515df2d0651f57498465602090e8508) Importer(815301076,1909f56bfc062723c751e8b465ee728b)
Start importing Assets/Models/CartoonZombies/effect/CZ_Splat.mat using Guid(9515df2d0651f57498465602090e8508) Importer(815301076,1909f56bfc062723c751e8b465ee728b)  -> (artifact id: '87e78dc85531c7cc86929b8926c743ec') in 0.122404 seconds 
  Import took 0.127834 seconds .

========================================================================
Received Import Request.
  Time since last request: 0.000317 seconds.
  path: Assets/Models/ShurikenMagic/ParticleMaterials/Parts/fangs.mat
  artifactKey: Guid(8bf4984eeeaa4854e8fa9734868c553c) Importer(815301076,1909f56bfc062723c751e8b465ee728b)
Start importing Assets/Models/ShurikenMagic/ParticleMaterials/Parts/fangs.mat using Guid(8bf4984eeeaa4854e8fa9734868c553c) Importer(815301076,1909f56bfc062723c751e8b465ee728b)  -> (artifact id: '2a0782dcb99c4f2c5ba454d98b7ed1d3') in 0.140402 seconds 
  Import took 0.161658 seconds .

========================================================================
Received Import Request.
  Time since last request: 0.000358 seconds.
  path: Assets/Plugins/Output/Example/Animations/Materials/eyes_color_map.mat
  artifactKey: Guid(12004f2fab0ef064ca2b88b3154dad9a) Importer(815301076,1909f56bfc062723c751e8b465ee728b)
Start importing Assets/Plugins/Output/Example/Animations/Materials/eyes_color_map.mat using Guid(12004f2fab0ef064ca2b88b3154dad9a) Importer(815301076,1909f56bfc062723c751e8b465ee728b)  -> (artifact id: '5dbc8149cb40ec23f17b252e23035752') in 0.094161 seconds 
  Import took 0.109938 seconds .

========================================================================
Received Import Request.
  Time since last request: 0.000111 seconds.
  path: Assets/Models/ShurikenMagic/ParticleMaterials/Lights/dirtyFlash.mat
  artifactKey: Guid(ec78759af739ea84194b36206cf8a2b1) Importer(815301076,1909f56bfc062723c751e8b465ee728b)
Start importing Assets/Models/ShurikenMagic/ParticleMaterials/Lights/dirtyFlash.mat using Guid(ec78759af739ea84194b36206cf8a2b1) Importer(815301076,1909f56bfc062723c751e8b465ee728b)  -> (artifact id: '21a761db04895e762554755d9160c3cb') in 0.091860 seconds 
  Import took 0.115331 seconds .

========================================================================
Received Import Request.
  Time since last request: 0.000379 seconds.
  path: Assets/Models/ShurikenMagic/ParticleMaterials/Lights/falloffLine.mat
  artifactKey: Guid(3ca84284bb0135c40bec4f02742a8317) Importer(815301076,1909f56bfc062723c751e8b465ee728b)
Start importing Assets/Models/ShurikenMagic/ParticleMaterials/Lights/falloffLine.mat using Guid(3ca84284bb0135c40bec4f02742a8317) Importer(815301076,1909f56bfc062723c751e8b465ee728b)  -> (artifact id: '0fc295fff3f4e71fe7486fbb9283c368') in 0.100112 seconds 
  Import took 0.132139 seconds .

========================================================================
Received Import Request.
  Time since last request: 0.000333 seconds.
  path: Assets/Models/ShurikenMagic/ParticleMaterials/Lights/falloffLineAdd.mat
  artifactKey: Guid(ba6aa7adc938691418d8138cdf7e6653) Importer(815301076,1909f56bfc062723c751e8b465ee728b)
Start importing Assets/Models/ShurikenMagic/ParticleMaterials/Lights/falloffLineAdd.mat using Guid(ba6aa7adc938691418d8138cdf7e6653) Importer(815301076,1909f56bfc062723c751e8b465ee728b)  -> (artifact id: 'cbb3f5c55769d682614c42d37a7010de') in 0.048260 seconds 
  Import took 0.054643 seconds .

========================================================================
Received Import Request.
  Time since last request: 0.001234 seconds.
  path: Assets/Textures/Skill Effects/Flash/DirtyFlashAdd.mat
  artifactKey: Guid(928607abb9b43451586800a3ead78ec6) Importer(815301076,1909f56bfc062723c751e8b465ee728b)
Start importing Assets/Textures/Skill Effects/Flash/DirtyFlashAdd.mat using Guid(928607abb9b43451586800a3ead78ec6) Importer(815301076,1909f56bfc062723c751e8b465ee728b)  -> (artifact id: '119374429c96a4523266ae768c449989') in 0.077940 seconds 
  Import took 0.113188 seconds .

========================================================================
Received Import Request.
  Time since last request: 0.001107 seconds.
  path: Assets/Models/femaleWarrior/Materials/femaleWarriorColor.mat
  artifactKey: Guid(6e53dba60ea653e4db199ba0248ffd46) Importer(815301076,1909f56bfc062723c751e8b465ee728b)
Start importing Assets/Models/femaleWarrior/Materials/femaleWarriorColor.mat using Guid(6e53dba60ea653e4db199ba0248ffd46) Importer(815301076,1909f56bfc062723c751e8b465ee728b)  -> (artifact id: 'b4e94da3dcc5a5e66b5f647ee1af202f') in 0.197290 seconds 
  Import took 0.231258 seconds .

========================================================================
Received Import Request.
  Time since last request: 0.000305 seconds.
  path: Assets/Models/femaleWarrior/Materials/floor.mat
  artifactKey: Guid(d885ad07ae8b6dc41961eb59afc56910) Importer(815301076,1909f56bfc062723c751e8b465ee728b)
Start importing Assets/Models/femaleWarrior/Materials/floor.mat using Guid(d885ad07ae8b6dc41961eb59afc56910) Importer(815301076,1909f56bfc062723c751e8b465ee728b)  -> (artifact id: 'b30e2bb69372b181a77febac0c1e010c') in 0.177508 seconds 
  Import took 0.198916 seconds .

========================================================================
Received Import Request.
  Time since last request: 0.000427 seconds.
  path: Assets/Models/ShurikenMagic/ParticleMaterials/Lights/crescentAdd.mat
  artifactKey: Guid(1dfbf4150fa2de548824fbb59527d5e5) Importer(815301076,1909f56bfc062723c751e8b465ee728b)
Start importing Assets/Models/ShurikenMagic/ParticleMaterials/Lights/crescentAdd.mat using Guid(1dfbf4150fa2de548824fbb59527d5e5) Importer(815301076,1909f56bfc062723c751e8b465ee728b)  -> (artifact id: '89da1913b3c784098a47afee99dd32e0') in 0.137869 seconds 
  Import took 0.159484 seconds .

========================================================================
Received Import Request.
  Time since last request: 0.000403 seconds.
  path: Assets/Models/Ninja/Textures/Materials/eyes.mat
  artifactKey: Guid(dc8ad07d7ec554911903c9cb6ee969f2) Importer(815301076,1909f56bfc062723c751e8b465ee728b)
Start importing Assets/Models/Ninja/Textures/Materials/eyes.mat using Guid(dc8ad07d7ec554911903c9cb6ee969f2) Importer(815301076,1909f56bfc062723c751e8b465ee728b)  -> (artifact id: '8122943a706f45d41922c3e1ff6038a8') in 0.112035 seconds 
  Import took 0.120134 seconds .

========================================================================
Received Prepare
Registering precompiled user dll's ...
Registered in 0.021370 seconds.
Begin MonoManager ReloadAssembly
Native extension for WindowsStandalone target not found
Refreshing native plugins compatible for Editor in 1.23 ms, found 2 plugins.
Preloading 0 native plugins for Editor in 0.00 ms.
Mono: successfully reloaded assembly
- Completed reload, in  2.751 seconds
Domain Reload Profiling:
	ReloadAssembly (2752ms)
		BeginReloadAssembly (271ms)
			ExecutionOrderSort (0ms)
			DisableScriptedObjects (12ms)
			BackupInstance (0ms)
			ReleaseScriptingObjects (0ms)
			CreateAndSetChildDomain (117ms)
		EndReloadAssembly (2342ms)
			LoadAssemblies (262ms)
			RebuildTransferFunctionScriptingTraits (0ms)
			SetupTypeCache (891ms)
			ReleaseScriptCaches (2ms)
			RebuildScriptCaches (126ms)
			SetupLoadedEditorAssemblies (805ms)
				LogAssemblyErrors (0ms)
				InitializePlatformSupportModulesInManaged (12ms)
				SetLoadedEditorAssemblies (1ms)
				RefreshPlugins (2ms)
				BeforeProcessingInitializeOnLoad (170ms)
				ProcessInitializeOnLoadAttributes (595ms)
				ProcessInitializeOnLoadMethodAttributes (16ms)
				AfterProcessingInitializeOnLoad (8ms)
				EditorAssembliesLoaded (0ms)
			ExecutionOrderSort2 (0ms)
			AwakeInstancesAfterBackupRestoration (14ms)
Platform modules already initialized, skipping
Switching build target platform(19) subTarget(0) extendedPlatform(0) -> platform(13) subTarget(589824) extendedPlatform(0)
Refreshing native plugins compatible for Editor in 1.59 ms, found 2 plugins.
Preloading 0 native plugins for Editor in 0.00 ms.
Unloading 1764 Unused Serialized files (Serialized files now loaded: 0)
System memory in use before: 93.6 MB.
System memory in use after: 93.7 MB.

Unloading 15 unused Assets to reduce memory usage. Loaded Objects now: 2344.
Total: 6.018700 ms (FindLiveObjects: 0.481700 ms CreateObjectMapping: 0.175700 ms MarkObjects: 5.318800 ms  DeleteObjects: 0.036500 ms)

AssetImportParameters requested are different than current active one (requested -> active):
  custom:framework-win-MediaFoundation: 216162199b28c13a410421893ffa2e32 -> 
  custom:video-decoder-ogg-theora: a1e56fd34408186e4bbccfd4996cb3dc -> 
  custom:container-muxer-webm: aa71ff27fc2769a1b78a27578f13a17b -> 
  custom:container-demuxer-webm: 4f35f7cbe854078d1ac9338744f61a02 -> 
  custom:container-demuxer-ogg: 62fdf1f143b41e24485cea50d1cbac27 -> 
  custom:video-encoder-webm-vp8: eb34c28f22e8b96e1ab97ce403110664 -> 
  custom:video-decoder-webm-vp8: 9c59270c3fd7afecdb556c50c9e8de78 -> 
  custom:graphics/normal-map-encoding: 01000000000000000000000000000000 -> 02000000000000000000000000000000
  custom:audio-decoder-ogg-vorbis: bf7c407c2cedff20999df2af8eb42d56 -> 
  custom:audio-encoder-webm-vorbis: bf7c407c2cedff20999df2af8eb42d56 -> 
========================================================================
Received Prepare
Registering precompiled user dll's ...
Registered in 0.007649 seconds.
Begin MonoManager ReloadAssembly
Native extension for WindowsStandalone target not found
Refreshing native plugins compatible for Editor in 0.72 ms, found 2 plugins.
Preloading 0 native plugins for Editor in 0.00 ms.
Mono: successfully reloaded assembly
- Completed reload, in  2.196 seconds
Domain Reload Profiling:
	ReloadAssembly (2197ms)
		BeginReloadAssembly (196ms)
			ExecutionOrderSort (0ms)
			DisableScriptedObjects (9ms)
			BackupInstance (0ms)
			ReleaseScriptingObjects (0ms)
			CreateAndSetChildDomain (67ms)
		EndReloadAssembly (1887ms)
			LoadAssemblies (163ms)
			RebuildTransferFunctionScriptingTraits (0ms)
			SetupTypeCache (680ms)
			ReleaseScriptCaches (2ms)
			RebuildScriptCaches (104ms)
			SetupLoadedEditorAssemblies (699ms)
				LogAssemblyErrors (0ms)
				InitializePlatformSupportModulesInManaged (9ms)
				SetLoadedEditorAssemblies (1ms)
				RefreshPlugins (1ms)
				BeforeProcessingInitializeOnLoad (158ms)
				ProcessInitializeOnLoadAttributes (504ms)
				ProcessInitializeOnLoadMethodAttributes (18ms)
				AfterProcessingInitializeOnLoad (8ms)
				EditorAssembliesLoaded (1ms)
			ExecutionOrderSort2 (0ms)
			AwakeInstancesAfterBackupRestoration (16ms)
Platform modules already initialized, skipping
Switching build target platform(19) subTarget(0) extendedPlatform(0) -> platform(13) subTarget(589824) extendedPlatform(0)
Refreshing native plugins compatible for Editor in 0.78 ms, found 2 plugins.
Preloading 0 native plugins for Editor in 0.00 ms.
Unloading 1764 Unused Serialized files (Serialized files now loaded: 0)
System memory in use before: 93.7 MB.
System memory in use after: 93.8 MB.

Unloading 15 unused Assets to reduce memory usage. Loaded Objects now: 2346.
Total: 5.044000 ms (FindLiveObjects: 0.240400 ms CreateObjectMapping: 0.123900 ms MarkObjects: 4.644500 ms  DeleteObjects: 0.032700 ms)

AssetImportParameters requested are different than current active one (requested -> active):
  custom:framework-win-MediaFoundation: 216162199b28c13a410421893ffa2e32 -> 
  custom:video-decoder-ogg-theora: a1e56fd34408186e4bbccfd4996cb3dc -> 
  custom:container-muxer-webm: aa71ff27fc2769a1b78a27578f13a17b -> 
  custom:container-demuxer-webm: 4f35f7cbe854078d1ac9338744f61a02 -> 
  custom:container-demuxer-ogg: 62fdf1f143b41e24485cea50d1cbac27 -> 
  custom:video-encoder-webm-vp8: eb34c28f22e8b96e1ab97ce403110664 -> 
  custom:video-decoder-webm-vp8: 9c59270c3fd7afecdb556c50c9e8de78 -> 
  custom:graphics/normal-map-encoding: 01000000000000000000000000000000 -> 02000000000000000000000000000000
  custom:audio-decoder-ogg-vorbis: bf7c407c2cedff20999df2af8eb42d56 -> 
  custom:audio-encoder-webm-vorbis: bf7c407c2cedff20999df2af8eb42d56 -> 
========================================================================
Received Import Request.
  Time since last request: 392.052918 seconds.
  path: Assets/Scripts/Player Scripts/Attack Scripts/PlayersAttacks.cs
  artifactKey: Guid(f94b4494a5b89422c8edc2d40cde24b3) Importer(815301076,1909f56bfc062723c751e8b465ee728b)
Start importing Assets/Scripts/Player Scripts/Attack Scripts/PlayersAttacks.cs using Guid(f94b4494a5b89422c8edc2d40cde24b3) Importer(815301076,1909f56bfc062723c751e8b465ee728b)  -> (artifact id: '81788ce02fb76d754e8316b77e3cd838') in 0.080493 seconds 
  Import took 0.113152 seconds .

========================================================================
Received Prepare
Registering precompiled user dll's ...
Registered in 0.007000 seconds.
Begin MonoManager ReloadAssembly
Native extension for WindowsStandalone target not found
Refreshing native plugins compatible for Editor in 0.74 ms, found 2 plugins.
Preloading 0 native plugins for Editor in 0.00 ms.
Mono: successfully reloaded assembly
- Completed reload, in  2.614 seconds
Domain Reload Profiling:
	ReloadAssembly (2615ms)
		BeginReloadAssembly (536ms)
			ExecutionOrderSort (0ms)
			DisableScriptedObjects (16ms)
			BackupInstance (0ms)
			ReleaseScriptingObjects (0ms)
			CreateAndSetChildDomain (319ms)
		EndReloadAssembly (1928ms)
			LoadAssemblies (221ms)
			RebuildTransferFunctionScriptingTraits (0ms)
			SetupTypeCache (638ms)
			ReleaseScriptCaches (3ms)
			RebuildScriptCaches (105ms)
			SetupLoadedEditorAssemblies (735ms)
				LogAssemblyErrors (0ms)
				InitializePlatformSupportModulesInManaged (9ms)
				SetLoadedEditorAssemblies (1ms)
				RefreshPlugins (1ms)
				BeforeProcessingInitializeOnLoad (223ms)
				ProcessInitializeOnLoadAttributes (476ms)
				ProcessInitializeOnLoadMethodAttributes (17ms)
				AfterProcessingInitializeOnLoad (8ms)
				EditorAssembliesLoaded (0ms)
			ExecutionOrderSort2 (0ms)
			AwakeInstancesAfterBackupRestoration (13ms)
Platform modules already initialized, skipping
Switching build target platform(19) subTarget(0) extendedPlatform(0) -> platform(13) subTarget(589824) extendedPlatform(0)
Refreshing native plugins compatible for Editor in 0.76 ms, found 2 plugins.
Preloading 0 native plugins for Editor in 0.00 ms.
Unloading 1764 Unused Serialized files (Serialized files now loaded: 0)
System memory in use before: 93.7 MB.
System memory in use after: 93.8 MB.

Unloading 15 unused Assets to reduce memory usage. Loaded Objects now: 2348.
Total: 5.194600 ms (FindLiveObjects: 0.320100 ms CreateObjectMapping: 0.164800 ms MarkObjects: 4.673300 ms  DeleteObjects: 0.034100 ms)

AssetImportParameters requested are different than current active one (requested -> active):
  custom:framework-win-MediaFoundation: 216162199b28c13a410421893ffa2e32 -> 
  custom:video-decoder-ogg-theora: a1e56fd34408186e4bbccfd4996cb3dc -> 
  custom:container-muxer-webm: aa71ff27fc2769a1b78a27578f13a17b -> 
  custom:container-demuxer-webm: 4f35f7cbe854078d1ac9338744f61a02 -> 
  custom:container-demuxer-ogg: 62fdf1f143b41e24485cea50d1cbac27 -> 
  custom:video-encoder-webm-vp8: eb34c28f22e8b96e1ab97ce403110664 -> 
  custom:video-decoder-webm-vp8: 9c59270c3fd7afecdb556c50c9e8de78 -> 
  custom:graphics/normal-map-encoding: 01000000000000000000000000000000 -> 02000000000000000000000000000000
  custom:audio-decoder-ogg-vorbis: bf7c407c2cedff20999df2af8eb42d56 -> 
  custom:audio-encoder-webm-vorbis: bf7c407c2cedff20999df2af8eb42d56 -> 
========================================================================
Received Prepare
Registering precompiled user dll's ...
Registered in 0.010145 seconds.
Begin MonoManager ReloadAssembly
Native extension for WindowsStandalone target not found
Refreshing native plugins compatible for Editor in 0.86 ms, found 2 plugins.
Preloading 0 native plugins for Editor in 0.00 ms.
Mono: successfully reloaded assembly
- Completed reload, in  2.728 seconds
Domain Reload Profiling:
	ReloadAssembly (2729ms)
		BeginReloadAssembly (253ms)
			ExecutionOrderSort (0ms)
			DisableScriptedObjects (14ms)
			BackupInstance (0ms)
			ReleaseScriptingObjects (0ms)
			CreateAndSetChildDomain (90ms)
		EndReloadAssembly (2310ms)
			LoadAssemblies (365ms)
			RebuildTransferFunctionScriptingTraits (0ms)
			SetupTypeCache (826ms)
			ReleaseScriptCaches (2ms)
			RebuildScriptCaches (108ms)
			SetupLoadedEditorAssemblies (787ms)
				LogAssemblyErrors (0ms)
				InitializePlatformSupportModulesInManaged (9ms)
				SetLoadedEditorAssemblies (1ms)
				RefreshPlugins (1ms)
				BeforeProcessingInitializeOnLoad (195ms)
				ProcessInitializeOnLoadAttributes (556ms)
				ProcessInitializeOnLoadMethodAttributes (17ms)
				AfterProcessingInitializeOnLoad (8ms)
				EditorAssembliesLoaded (1ms)
			ExecutionOrderSort2 (0ms)
			AwakeInstancesAfterBackupRestoration (13ms)
Platform modules already initialized, skipping
Switching build target platform(19) subTarget(0) extendedPlatform(0) -> platform(13) subTarget(589824) extendedPlatform(0)
Refreshing native plugins compatible for Editor in 0.89 ms, found 2 plugins.
Preloading 0 native plugins for Editor in 0.00 ms.
Unloading 1764 Unused Serialized files (Serialized files now loaded: 0)
System memory in use before: 93.7 MB.
System memory in use after: 93.8 MB.

Unloading 15 unused Assets to reduce memory usage. Loaded Objects now: 2350.
Total: 5.049000 ms (FindLiveObjects: 0.327200 ms CreateObjectMapping: 0.120900 ms MarkObjects: 4.560200 ms  DeleteObjects: 0.038500 ms)

AssetImportParameters requested are different than current active one (requested -> active):
  custom:framework-win-MediaFoundation: 216162199b28c13a410421893ffa2e32 -> 
  custom:video-decoder-ogg-theora: a1e56fd34408186e4bbccfd4996cb3dc -> 
  custom:container-muxer-webm: aa71ff27fc2769a1b78a27578f13a17b -> 
  custom:container-demuxer-webm: 4f35f7cbe854078d1ac9338744f61a02 -> 
  custom:container-demuxer-ogg: 62fdf1f143b41e24485cea50d1cbac27 -> 
  custom:video-encoder-webm-vp8: eb34c28f22e8b96e1ab97ce403110664 -> 
  custom:video-decoder-webm-vp8: 9c59270c3fd7afecdb556c50c9e8de78 -> 
  custom:graphics/normal-map-encoding: 01000000000000000000000000000000 -> 02000000000000000000000000000000
  custom:audio-decoder-ogg-vorbis: bf7c407c2cedff20999df2af8eb42d56 -> 
  custom:audio-encoder-webm-vorbis: bf7c407c2cedff20999df2af8eb42d56 -> 
========================================================================
Received Prepare
Registering precompiled user dll's ...
Registered in 0.010321 seconds.
Begin MonoManager ReloadAssembly
Native extension for WindowsStandalone target not found
Refreshing native plugins compatible for Editor in 0.78 ms, found 2 plugins.
Preloading 0 native plugins for Editor in 0.00 ms.
Mono: successfully reloaded assembly
- Completed reload, in  2.095 seconds
Domain Reload Profiling:
	ReloadAssembly (2096ms)
		BeginReloadAssembly (174ms)
			ExecutionOrderSort (0ms)
			DisableScriptedObjects (12ms)
			BackupInstance (0ms)
			ReleaseScriptingObjects (0ms)
			CreateAndSetChildDomain (56ms)
		EndReloadAssembly (1807ms)
			LoadAssemblies (158ms)
			RebuildTransferFunctionScriptingTraits (0ms)
			SetupTypeCache (609ms)
			ReleaseScriptCaches (2ms)
			RebuildScriptCaches (115ms)
			SetupLoadedEditorAssemblies (666ms)
				LogAssemblyErrors (0ms)
				InitializePlatformSupportModulesInManaged (9ms)
				SetLoadedEditorAssemblies (1ms)
				RefreshPlugins (1ms)
				BeforeProcessingInitializeOnLoad (164ms)
				ProcessInitializeOnLoadAttributes (467ms)
				ProcessInitializeOnLoadMethodAttributes (15ms)
				AfterProcessingInitializeOnLoad (8ms)
				EditorAssembliesLoaded (1ms)
			ExecutionOrderSort2 (0ms)
			AwakeInstancesAfterBackupRestoration (12ms)
Platform modules already initialized, skipping
Switching build target platform(19) subTarget(0) extendedPlatform(0) -> platform(13) subTarget(589824) extendedPlatform(0)
Refreshing native plugins compatible for Editor in 0.71 ms, found 2 plugins.
Preloading 0 native plugins for Editor in 0.00 ms.
Unloading 1764 Unused Serialized files (Serialized files now loaded: 0)
System memory in use before: 93.7 MB.
System memory in use after: 93.8 MB.

Unloading 15 unused Assets to reduce memory usage. Loaded Objects now: 2352.
Total: 5.204600 ms (FindLiveObjects: 0.334500 ms CreateObjectMapping: 0.098400 ms MarkObjects: 4.737100 ms  DeleteObjects: 0.032800 ms)

AssetImportParameters requested are different than current active one (requested -> active):
  custom:framework-win-MediaFoundation: 216162199b28c13a410421893ffa2e32 -> 
  custom:video-decoder-ogg-theora: a1e56fd34408186e4bbccfd4996cb3dc -> 
  custom:container-muxer-webm: aa71ff27fc2769a1b78a27578f13a17b -> 
  custom:container-demuxer-webm: 4f35f7cbe854078d1ac9338744f61a02 -> 
  custom:container-demuxer-ogg: 62fdf1f143b41e24485cea50d1cbac27 -> 
  custom:video-encoder-webm-vp8: eb34c28f22e8b96e1ab97ce403110664 -> 
  custom:video-decoder-webm-vp8: 9c59270c3fd7afecdb556c50c9e8de78 -> 
  custom:graphics/normal-map-encoding: 01000000000000000000000000000000 -> 02000000000000000000000000000000
  custom:audio-decoder-ogg-vorbis: bf7c407c2cedff20999df2af8eb42d56 -> 
  custom:audio-encoder-webm-vorbis: bf7c407c2cedff20999df2af8eb42d56 -> 
========================================================================
Received Prepare
Registering precompiled user dll's ...
Registered in 0.007825 seconds.
Begin MonoManager ReloadAssembly
Native extension for WindowsStandalone target not found
Refreshing native plugins compatible for Editor in 0.71 ms, found 2 plugins.
Preloading 0 native plugins for Editor in 0.00 ms.
Mono: successfully reloaded assembly
- Completed reload, in  2.867 seconds
Domain Reload Profiling:
	ReloadAssembly (2868ms)
		BeginReloadAssembly (303ms)
			ExecutionOrderSort (0ms)
			DisableScriptedObjects (30ms)
			BackupInstance (0ms)
			ReleaseScriptingObjects (0ms)
			CreateAndSetChildDomain (83ms)
		EndReloadAssembly (2371ms)
			LoadAssemblies (242ms)
			RebuildTransferFunctionScriptingTraits (0ms)
			SetupTypeCache (923ms)
			ReleaseScriptCaches (2ms)
			RebuildScriptCaches (123ms)
			SetupLoadedEditorAssemblies (752ms)
				LogAssemblyErrors (0ms)
				InitializePlatformSupportModulesInManaged (9ms)
				SetLoadedEditorAssemblies (1ms)
				RefreshPlugins (1ms)
				BeforeProcessingInitializeOnLoad (163ms)
				ProcessInitializeOnLoadAttributes (547ms)
				ProcessInitializeOnLoadMethodAttributes (20ms)
				AfterProcessingInitializeOnLoad (10ms)
				EditorAssembliesLoaded (1ms)
			ExecutionOrderSort2 (0ms)
			AwakeInstancesAfterBackupRestoration (17ms)
Platform modules already initialized, skipping
Switching build target platform(19) subTarget(0) extendedPlatform(0) -> platform(13) subTarget(589824) extendedPlatform(0)
Refreshing native plugins compatible for Editor in 0.96 ms, found 2 plugins.
Preloading 0 native plugins for Editor in 0.00 ms.
Unloading 1764 Unused Serialized files (Serialized files now loaded: 0)
System memory in use before: 93.7 MB.
System memory in use after: 93.8 MB.

Unloading 15 unused Assets to reduce memory usage. Loaded Objects now: 2354.
Total: 11.392000 ms (FindLiveObjects: 0.601500 ms CreateObjectMapping: 0.392100 ms MarkObjects: 10.354100 ms  DeleteObjects: 0.040800 ms)

AssetImportParameters requested are different than current active one (requested -> active):
  custom:framework-win-MediaFoundation: 216162199b28c13a410421893ffa2e32 -> 
  custom:video-decoder-ogg-theora: a1e56fd34408186e4bbccfd4996cb3dc -> 
  custom:container-muxer-webm: aa71ff27fc2769a1b78a27578f13a17b -> 
  custom:container-demuxer-webm: 4f35f7cbe854078d1ac9338744f61a02 -> 
  custom:container-demuxer-ogg: 62fdf1f143b41e24485cea50d1cbac27 -> 
  custom:video-encoder-webm-vp8: eb34c28f22e8b96e1ab97ce403110664 -> 
  custom:video-decoder-webm-vp8: 9c59270c3fd7afecdb556c50c9e8de78 -> 
  custom:graphics/normal-map-encoding: 01000000000000000000000000000000 -> 02000000000000000000000000000000
  custom:audio-decoder-ogg-vorbis: bf7c407c2cedff20999df2af8eb42d56 -> 
  custom:audio-encoder-webm-vorbis: bf7c407c2cedff20999df2af8eb42d56 -> 
========================================================================
Received Import Request.
  Time since last request: 663.257959 seconds.
  path: Assets/Joystick Pack/Sprites/Vertical Backgrounds/Vertical_Plain.png
  artifactKey: Guid(ab6db91373811284caeba2e9472fa9c2) Importer(815301076,1909f56bfc062723c751e8b465ee728b)
Start importing Assets/Joystick Pack/Sprites/Vertical Backgrounds/Vertical_Plain.png using Guid(ab6db91373811284caeba2e9472fa9c2) Importer(815301076,1909f56bfc062723c751e8b465ee728b)  -> (artifact id: '022ac0c27ef871169c9296fe32769545') in 0.481276 seconds 
  Import took 0.498829 seconds .

========================================================================
Received Import Request.
  Time since last request: 0.000380 seconds.
  path: Assets/Joystick Pack/Sprites/Vertical Backgrounds/Vertical_Plain_Arrows.png
  artifactKey: Guid(3bf6d9f920f7458448a390f80318ebe6) Importer(815301076,1909f56bfc062723c751e8b465ee728b)
Start importing Assets/Joystick Pack/Sprites/Vertical Backgrounds/Vertical_Plain_Arrows.png using Guid(3bf6d9f920f7458448a390f80318ebe6) Importer(815301076,1909f56bfc062723c751e8b465ee728b)  -> (artifact id: '8560b34086228c5c48018197257d1768') in 0.146356 seconds 
  Import took 0.169630 seconds .

========================================================================
Received Import Request.
  Time since last request: 0.000513 seconds.
  path: Assets/Joystick Pack/Sprites/Vertical Backgrounds/Vertical_Ridged_Arrows.png
  artifactKey: Guid(9332cf0d233636a40a024382720294a3) Importer(815301076,1909f56bfc062723c751e8b465ee728b)
Start importing Assets/Joystick Pack/Sprites/Vertical Backgrounds/Vertical_Ridged_Arrows.png using Guid(9332cf0d233636a40a024382720294a3) Importer(815301076,1909f56bfc062723c751e8b465ee728b)  -> (artifact id: 'fd208a53902fb5efe67feb36bf9dd01b') in 0.148626 seconds 
  Import took 0.175494 seconds .

========================================================================
Received Import Request.
  Time since last request: 0.000362 seconds.
  path: Assets/Joystick Pack/Sprites/Vertical Backgrounds/Vertical_Ridged.png
  artifactKey: Guid(08c1fa6351174a9439d97cfc9d3307cc) Importer(815301076,1909f56bfc062723c751e8b465ee728b)
Start importing Assets/Joystick Pack/Sprites/Vertical Backgrounds/Vertical_Ridged.png using Guid(08c1fa6351174a9439d97cfc9d3307cc) Importer(815301076,1909f56bfc062723c751e8b465ee728b)  -> (artifact id: '773f10cc334e356eca9bc7773efeb33a') in 0.121204 seconds 
  Import took 0.137719 seconds .

========================================================================
Received Import Request.
  Time since last request: 15.579634 seconds.
  path: Assets/Textures
  artifactKey: Guid(aa7116153da9e43458ccb57cf0e0fb4b) Importer(815301076,1909f56bfc062723c751e8b465ee728b)
Start importing Assets/Textures using Guid(aa7116153da9e43458ccb57cf0e0fb4b) Importer(815301076,1909f56bfc062723c751e8b465ee728b)  -> (artifact id: 'f79651f389ec228fe5a0b3ddac313105') in 0.041321 seconds 
  Import took 0.066727 seconds .

========================================================================
Received Import Request.
  Time since last request: 0.119734 seconds.
  path: Assets/Textures/Logo.png
  artifactKey: Guid(1dda6050c81f84dec80e16740f99cb63) Importer(815301076,1909f56bfc062723c751e8b465ee728b)
Start importing Assets/Textures/Logo.png using Guid(1dda6050c81f84dec80e16740f99cb63) Importer(815301076,1909f56bfc062723c751e8b465ee728b)  -> (artifact id: 'd691f98f5fcdb18ef7607576770c472a') in 0.130468 seconds 
  Import took 0.159995 seconds .

========================================================================
Received Import Request.
  Time since last request: 2.696544 seconds.
  path: Assets/Textures/UI HUD
  artifactKey: Guid(924f6e11592c04790b5e6b130f760ede) Importer(815301076,1909f56bfc062723c751e8b465ee728b)
Start importing Assets/Textures/UI HUD using Guid(924f6e11592c04790b5e6b130f760ede) Importer(815301076,1909f56bfc062723c751e8b465ee728b)  -> (artifact id: '62dfe7c939474259d68b2c156cdb40b2') in 0.041421 seconds 
  Import took 0.053131 seconds .

========================================================================
Received Import Request.
  Time since last request: 0.077230 seconds.
  path: Assets/Textures/UI HUD/coins.png
  artifactKey: Guid(ca362136934fc4ea9815e631b85ba7ea) Importer(815301076,1909f56bfc062723c751e8b465ee728b)
Start importing Assets/Textures/UI HUD/coins.png using Guid(ca362136934fc4ea9815e631b85ba7ea) Importer(815301076,1909f56bfc062723c751e8b465ee728b)  -> (artifact id: '82c5b28bb1791b710ea789e5f8308236') in 0.071247 seconds 
  Import took 0.093503 seconds .

========================================================================
Received Import Request.
  Time since last request: 3.374267 seconds.
  path: Assets/Textures/Joystick
  artifactKey: Guid(4b1d1a6dc0f9e49fd895149020c44a55) Importer(815301076,1909f56bfc062723c751e8b465ee728b)
Start importing Assets/Textures/Joystick using Guid(4b1d1a6dc0f9e49fd895149020c44a55) Importer(815301076,1909f56bfc062723c751e8b465ee728b)  -> (artifact id: 'b477f3b0511ffd54fe02f3b12f4a38aa') in 0.054506 seconds 
  Import took 0.065287 seconds .

========================================================================
Received Import Request.
  Time since last request: 14.395786 seconds.
  path: Assets/Textures/Joystick/blackwarescroll.png
  artifactKey: Guid(e2cc82c107bcf43bab3a8066469d1dff) Importer(815301076,1909f56bfc062723c751e8b465ee728b)
Start importing Assets/Textures/Joystick/blackwarescroll.png using Guid(e2cc82c107bcf43bab3a8066469d1dff) Importer(815301076,1909f56bfc062723c751e8b465ee728b)  -> (artifact id: '27d7ad2928ab24f311a9d466c1d00eda') in 0.085416 seconds 
  Import took 0.164589 seconds .

========================================================================
Received Prepare
Registering precompiled user dll's ...
Registered in 0.011925 seconds.
Begin MonoManager ReloadAssembly
Native extension for WindowsStandalone target not found
Refreshing native plugins compatible for Editor in 0.79 ms, found 2 plugins.
Preloading 0 native plugins for Editor in 0.00 ms.
Mono: successfully reloaded assembly
- Completed reload, in  2.156 seconds
Domain Reload Profiling:
	ReloadAssembly (2157ms)
		BeginReloadAssembly (178ms)
			ExecutionOrderSort (0ms)
			DisableScriptedObjects (8ms)
			BackupInstance (0ms)
			ReleaseScriptingObjects (0ms)
			CreateAndSetChildDomain (60ms)
		EndReloadAssembly (1864ms)
			LoadAssemblies (164ms)
			RebuildTransferFunctionScriptingTraits (0ms)
			SetupTypeCache (614ms)
			ReleaseScriptCaches (3ms)
			RebuildScriptCaches (103ms)
			SetupLoadedEditorAssemblies (720ms)
				LogAssemblyErrors (0ms)
				InitializePlatformSupportModulesInManaged (9ms)
				SetLoadedEditorAssemblies (1ms)
				RefreshPlugins (1ms)
				BeforeProcessingInitializeOnLoad (170ms)
				ProcessInitializeOnLoadAttributes (514ms)
				ProcessInitializeOnLoadMethodAttributes (16ms)
				AfterProcessingInitializeOnLoad (8ms)
				EditorAssembliesLoaded (0ms)
			ExecutionOrderSort2 (0ms)
			AwakeInstancesAfterBackupRestoration (12ms)
Platform modules already initialized, skipping
Switching build target platform(19) subTarget(0) extendedPlatform(0) -> platform(13) subTarget(589824) extendedPlatform(0)
Refreshing native plugins compatible for Editor in 0.75 ms, found 2 plugins.
Preloading 0 native plugins for Editor in 0.00 ms.
Unloading 1764 Unused Serialized files (Serialized files now loaded: 0)
System memory in use before: 93.7 MB.
System memory in use after: 93.9 MB.

Unloading 15 unused Assets to reduce memory usage. Loaded Objects now: 2361.
Total: 5.166900 ms (FindLiveObjects: 0.353100 ms CreateObjectMapping: 0.117500 ms MarkObjects: 4.641600 ms  DeleteObjects: 0.052500 ms)

AssetImportParameters requested are different than current active one (requested -> active):
  custom:framework-win-MediaFoundation: 216162199b28c13a410421893ffa2e32 -> 
  custom:video-decoder-ogg-theora: a1e56fd34408186e4bbccfd4996cb3dc -> 
  custom:container-muxer-webm: aa71ff27fc2769a1b78a27578f13a17b -> 
  custom:container-demuxer-webm: 4f35f7cbe854078d1ac9338744f61a02 -> 
  custom:container-demuxer-ogg: 62fdf1f143b41e24485cea50d1cbac27 -> 
  custom:video-encoder-webm-vp8: eb34c28f22e8b96e1ab97ce403110664 -> 
  custom:video-decoder-webm-vp8: 9c59270c3fd7afecdb556c50c9e8de78 -> 
  custom:graphics/normal-map-encoding: 01000000000000000000000000000000 -> 02000000000000000000000000000000
  custom:audio-decoder-ogg-vorbis: bf7c407c2cedff20999df2af8eb42d56 -> 
  custom:audio-encoder-webm-vorbis: bf7c407c2cedff20999df2af8eb42d56 -> 
========================================================================
Received Prepare
Registering precompiled user dll's ...
Registered in 0.036553 seconds.
Begin MonoManager ReloadAssembly
Native extension for WindowsStandalone target not found
Refreshing native plugins compatible for Editor in 0.98 ms, found 2 plugins.
Preloading 0 native plugins for Editor in 0.00 ms.
Mono: successfully reloaded assembly
- Completed reload, in  2.173 seconds
Domain Reload Profiling:
	ReloadAssembly (2174ms)
		BeginReloadAssembly (188ms)
			ExecutionOrderSort (0ms)
			DisableScriptedObjects (12ms)
			BackupInstance (0ms)
			ReleaseScriptingObjects (0ms)
			CreateAndSetChildDomain (61ms)
		EndReloadAssembly (1869ms)
			LoadAssemblies (162ms)
			RebuildTransferFunctionScriptingTraits (0ms)
			SetupTypeCache (629ms)
			ReleaseScriptCaches (2ms)
			RebuildScriptCaches (108ms)
			SetupLoadedEditorAssemblies (689ms)
				LogAssemblyErrors (0ms)
				InitializePlatformSupportModulesInManaged (9ms)
				SetLoadedEditorAssemblies (1ms)
				RefreshPlugins (1ms)
				BeforeProcessingInitializeOnLoad (162ms)
				ProcessInitializeOnLoadAttributes (491ms)
				ProcessInitializeOnLoadMethodAttributes (16ms)
				AfterProcessingInitializeOnLoad (8ms)
				EditorAssembliesLoaded (0ms)
			ExecutionOrderSort2 (0ms)
			AwakeInstancesAfterBackupRestoration (13ms)
Platform modules already initialized, skipping
Switching build target platform(19) subTarget(0) extendedPlatform(0) -> platform(13) subTarget(589824) extendedPlatform(0)
Refreshing native plugins compatible for Editor in 0.87 ms, found 2 plugins.
Preloading 0 native plugins for Editor in 0.00 ms.
Unloading 1764 Unused Serialized files (Serialized files now loaded: 0)
System memory in use before: 93.8 MB.
System memory in use after: 93.9 MB.

Unloading 15 unused Assets to reduce memory usage. Loaded Objects now: 2363.
Total: 5.188100 ms (FindLiveObjects: 0.318000 ms CreateObjectMapping: 0.160500 ms MarkObjects: 4.676800 ms  DeleteObjects: 0.031300 ms)

AssetImportParameters requested are different than current active one (requested -> active):
  custom:framework-win-MediaFoundation: 216162199b28c13a410421893ffa2e32 -> 
  custom:video-decoder-ogg-theora: a1e56fd34408186e4bbccfd4996cb3dc -> 
  custom:container-muxer-webm: aa71ff27fc2769a1b78a27578f13a17b -> 
  custom:container-demuxer-webm: 4f35f7cbe854078d1ac9338744f61a02 -> 
  custom:container-demuxer-ogg: 62fdf1f143b41e24485cea50d1cbac27 -> 
  custom:video-encoder-webm-vp8: eb34c28f22e8b96e1ab97ce403110664 -> 
  custom:video-decoder-webm-vp8: 9c59270c3fd7afecdb556c50c9e8de78 -> 
  custom:graphics/normal-map-encoding: 01000000000000000000000000000000 -> 02000000000000000000000000000000
  custom:audio-decoder-ogg-vorbis: bf7c407c2cedff20999df2af8eb42d56 -> 
  custom:audio-encoder-webm-vorbis: bf7c407c2cedff20999df2af8eb42d56 -> 
AssetImportWorkerClient::OnTransportError - code=2 error=End of file
